<?xml version="1.0" encoding="UTF-8"?>
<!-- Generated by org.testng.reporters.JUnitXMLReporter -->
<testsuite hostname="Shashank-Surface" ignored="0" name="TestCase2" tests="1" failures="1" timestamp="05 Nov 2020 06:37:11 GMT" time="10.215" errors="0">
  <testcase name="testCase02" time="2.337" classname="com.jupiter.cloud.planittesting.v1.TestCase2">
    <failure type="java.lang.AssertionError" message="expected [true] but found [false]">
      <![CDATA[java.lang.AssertionError: expected [true] but found [false]
at com.jupiter.cloud.planittesting.v1.TestCase2.testCase02(TestCase2.java:53)
... Removed 29 stack frames]]>
    </failure>
  </testcase> <!-- testCase02 -->
</testsuite> <!-- TestCase2 -->
