<?xml version="1.0" encoding="UTF-8"?>
<!-- Generated by org.testng.reporters.JUnitXMLReporter -->
<testsuite hostname="Shashank-Surface" ignored="0" name="TestCase1" tests="1" failures="1" timestamp="05 Nov 2020 04:08:46 GMT" time="8.457" errors="0">
  <testcase name="testCase01" time="0.006" classname="com.jupiter.cloud.planittesting.v1.TestCase1">
    <failure type="java.lang.IllegalArgumentException" message="Cannot find elements when the XPath is null.">
      <![CDATA[java.lang.IllegalArgumentException: Cannot find elements when the XPath is null.
at org.openqa.selenium.By$ByXPath.<init>(By.java:339)
at org.openqa.selenium.By.xpath(By.java:92)
at com.jupiter.cloud.planittesting.v1.TestBase.click(TestBase.java:78)
at com.jupiter.cloud.planittesting.v1.TestCase1.testCase01(TestCase1.java:24)
... Removed 25 stack frames]]>
    </failure>
  </testcase> <!-- testCase01 -->
</testsuite> <!-- TestCase1 -->
