-------------------------------------------------------------------------------
Test set: TestSuite
-------------------------------------------------------------------------------
Tests run: 4, Failures: 1, Errors: 0, Skipped: 0, Time elapsed: 52.979 s <<< FAILURE! - in TestSuite
com.jupiter.cloud.planittesting.v1.TestCase2.testCase02  Time elapsed: 2.527 s  <<< FAILURE!
java.lang.AssertionError: expected [true] but found [false]
	at com.jupiter.cloud.planittesting.v1.TestCase2.testCase02(TestCase2.java:53)

