<?xml version="1.0" encoding="UTF-8"?>
<testng-results skipped="0" failed="1" ignored="0" total="4" passed="3">
  <reporter-output>
    <line>
      <![CDATA[<br>]]>
    </line>
    <line>
      <![CDATA[1. From the home page go to contact page - Successful]]>
    </line>
    <line>
      <![CDATA[<br>]]>
    </line>
    <line>
      <![CDATA[2. Click submit button - Successful]]>
    </line>
    <line>
      <![CDATA[<br>]]>
    </line>
    <line>
      <![CDATA[3. Validate errors]]>
    </line>
    <line>
      <![CDATA[<br>]]>
    </line>
    <line>
      <![CDATA[ForeName Error is Displayed]]>
    </line>
    <line>
      <![CDATA[<br>]]>
    </line>
    <line>
      <![CDATA[Email Error is Displayed]]>
    </line>
    <line>
      <![CDATA[<br>]]>
    </line>
    <line>
      <![CDATA[Message Error is Displayed]]>
    </line>
    <line>
      <![CDATA[<br>]]>
    </line>
    <line>
      <![CDATA[Click to see Screenshot]]>
    </line>
    <line>
      <![CDATA[<a target="_blank" href=Thu_Nov_05_17_36_44_AEDT_2020.jpg>Screenshot</a>]]>
    </line>
    <line>
      <![CDATA[<br>]]>
    </line>
    <line>
      <![CDATA[4. Populate mandatory fields - Successful]]>
    </line>
    <line>
      <![CDATA[<br>]]>
    </line>
    <line>
      <![CDATA[5. Validate errors are gone]]>
    </line>
    <line>
      <![CDATA[<br>]]>
    </line>
    <line>
      <![CDATA[ForeName Error is not Displayed]]>
    </line>
    <line>
      <![CDATA[<br>]]>
    </line>
    <line>
      <![CDATA[Email Error is not Displayed]]>
    </line>
    <line>
      <![CDATA[<br>]]>
    </line>
    <line>
      <![CDATA[Message Error is not Displayed]]>
    </line>
    <line>
      <![CDATA[<br>]]>
    </line>
    <line>
      <![CDATA[Click to see Screenshot]]>
    </line>
    <line>
      <![CDATA[<a target="_blank" href=Thu_Nov_05_17_37_00_AEDT_2020.jpg>Screenshot</a>]]>
    </line>
    <line>
      <![CDATA[<br>]]>
    </line>
    <line>
      <![CDATA[testCase01 Ended Successfully]]>
    </line>
    <line>
      <![CDATA[<br>]]>
    </line>
    <line>
      <![CDATA[1. From the home page go to contact page - Successful]]>
    </line>
    <line>
      <![CDATA[<br>]]>
    </line>
    <line>
      <![CDATA[2. Populate mandatory fields - Successful]]>
    </line>
    <line>
      <![CDATA[<br>]]>
    </line>
    <line>
      <![CDATA[3. Click submit button - Successful]]>
    </line>
    <line>
      <![CDATA[<br>]]>
    </line>
    <line>
      <![CDATA[4. Validate successful submission message]]>
    </line>
    <line>
      <![CDATA[<br>]]>
    </line>
    <line>
      <![CDATA[Success Message is Displayed]]>
    </line>
    <line>
      <![CDATA[<br>]]>
    </line>
    <line>
      <![CDATA[Click to see Screenshot]]>
    </line>
    <line>
      <![CDATA[<a target="_blank" href=Thu_Nov_05_17_37_10_AEDT_2020.jpg>Screenshot</a>]]>
    </line>
    <line>
      <![CDATA[<br>]]>
    </line>
    <line>
      <![CDATA[Assert False to show a failed test validation]]>
    </line>
    <line>
      <![CDATA[<br>]]>
    </line>
    <line>
      <![CDATA[Click to see Screenshot]]>
    </line>
    <line>
      <![CDATA[<a target="_blank" href=Thu_Nov_05_17_37_10_AEDT_2020.jpg>Screenshot</a>]]>
    </line>
    <line>
      <![CDATA[<br>]]>
    </line>
    <line>
      <![CDATA[<br>]]>
    </line>
    <line>
      <![CDATA[<a target="_blank" href=Thu_Nov_05_17_37_10_AEDT_2020.jpg><img src=Thu_Nov_05_17_37_10_AEDT_2020.jpg height=200 width=200></img></a>]]>
    </line>
    <line>
      <![CDATA[1. From the home page go to contact page - Successful]]>
    </line>
    <line>
      <![CDATA[<br>]]>
    </line>
    <line>
      <![CDATA[2. Populated mandatory fields with invalid data]]>
    </line>
    <line>
      <![CDATA[<br>]]>
    </line>
    <line>
      <![CDATA[3. Validate errors]]>
    </line>
    <line>
      <![CDATA[<br>]]>
    </line>
    <line>
      <![CDATA[Error Notification - Header is Displayed]]>
    </line>
    <line>
      <![CDATA[<br>]]>
    </line>
    <line>
      <![CDATA[Email Error - Alert is Displayed]]>
    </line>
    <line>
      <![CDATA[<br>]]>
    </line>
    <line>
      <![CDATA[Click to see Screenshot]]>
    </line>
    <line>
      <![CDATA[<a target="_blank" href=Thu_Nov_05_17_37_19_AEDT_2020.jpg>Screenshot</a>]]>
    </line>
    <line>
      <![CDATA[<br>]]>
    </line>
    <line>
      <![CDATA[testCase03 Ended Successfully]]>
    </line>
    <line>
      <![CDATA[<br>]]>
    </line>
    <line>
      <![CDATA[1. From the home page go to shop page - Successful]]>
    </line>
    <line>
      <![CDATA[<br>]]>
    </line>
    <line>
      <![CDATA[2. Click buy button 2 times on Funny Cow - Successful]]>
    </line>
    <line>
      <![CDATA[<br>]]>
    </line>
    <line>
      <![CDATA[3. Click buy button 1 time on Fluffy Bunny - Successful]]>
    </line>
    <line>
      <![CDATA[<br>]]>
    </line>
    <line>
      <![CDATA[4. Click the cart menu - Successful]]>
    </line>
    <line>
      <![CDATA[<br>]]>
    </line>
    <line>
      <![CDATA[5. Verifing the items in the cart]]>
    </line>
    <line>
      <![CDATA[<br>]]>
    </line>
    <line>
      <![CDATA[Funny Cow is displayed]]>
    </line>
    <line>
      <![CDATA[<br>]]>
    </line>
    <line>
      <![CDATA[Fluffy Bunny is displayed]]>
    </line>
    <line>
      <![CDATA[<br>]]>
    </line>
    <line>
      <![CDATA[Click to see Screenshot]]>
    </line>
    <line>
      <![CDATA[<a target="_blank" href=Thu_Nov_05_17_37_29_AEDT_2020.jpg>Screenshot</a>]]>
    </line>
    <line>
      <![CDATA[<br>]]>
    </line>
    <line>
      <![CDATA[testCase04 Ended Successfully]]>
    </line>
  </reporter-output>
  <suite name="Jupiter Toys" duration-ms="56021" started-at="2020-11-05T06:36:33Z" finished-at="2020-11-05T06:37:29Z">
    <groups>
    </groups>
    <test name="TestCase1" duration-ms="27633" started-at="2020-11-05T06:36:33Z" finished-at="2020-11-05T06:37:00Z">
      <class name="com.jupiter.cloud.planittesting.v1.TestCase1">
        <test-method status="PASS" signature="initialSetup()[pri:0, instance:com.jupiter.cloud.planittesting.v1.TestCase1@323b36e0]" name="initialSetup" is-config="true" duration-ms="9553" started-at="2020-11-05T06:36:33Z" finished-at="2020-11-05T06:36:42Z">
          <reporter-output>
          </reporter-output>
        </test-method> <!-- initialSetup -->
        <test-method status="PASS" signature="testCase01()[pri:0, instance:com.jupiter.cloud.planittesting.v1.TestCase1@323b36e0]" name="testCase01" duration-ms="17927" started-at="2020-11-05T06:36:42Z" finished-at="2020-11-05T06:37:00Z">
          <reporter-output>
            <line>
              <![CDATA[<br>]]>
            </line>
            <line>
              <![CDATA[1. From the home page go to contact page - Successful]]>
            </line>
            <line>
              <![CDATA[<br>]]>
            </line>
            <line>
              <![CDATA[2. Click submit button - Successful]]>
            </line>
            <line>
              <![CDATA[<br>]]>
            </line>
            <line>
              <![CDATA[3. Validate errors]]>
            </line>
            <line>
              <![CDATA[<br>]]>
            </line>
            <line>
              <![CDATA[ForeName Error is Displayed]]>
            </line>
            <line>
              <![CDATA[<br>]]>
            </line>
            <line>
              <![CDATA[Email Error is Displayed]]>
            </line>
            <line>
              <![CDATA[<br>]]>
            </line>
            <line>
              <![CDATA[Message Error is Displayed]]>
            </line>
            <line>
              <![CDATA[<br>]]>
            </line>
            <line>
              <![CDATA[Click to see Screenshot]]>
            </line>
            <line>
              <![CDATA[<a target="_blank" href=Thu_Nov_05_17_36_44_AEDT_2020.jpg>Screenshot</a>]]>
            </line>
            <line>
              <![CDATA[<br>]]>
            </line>
            <line>
              <![CDATA[4. Populate mandatory fields - Successful]]>
            </line>
            <line>
              <![CDATA[<br>]]>
            </line>
            <line>
              <![CDATA[5. Validate errors are gone]]>
            </line>
            <line>
              <![CDATA[<br>]]>
            </line>
            <line>
              <![CDATA[ForeName Error is not Displayed]]>
            </line>
            <line>
              <![CDATA[<br>]]>
            </line>
            <line>
              <![CDATA[Email Error is not Displayed]]>
            </line>
            <line>
              <![CDATA[<br>]]>
            </line>
            <line>
              <![CDATA[Message Error is not Displayed]]>
            </line>
            <line>
              <![CDATA[<br>]]>
            </line>
            <line>
              <![CDATA[Click to see Screenshot]]>
            </line>
            <line>
              <![CDATA[<a target="_blank" href=Thu_Nov_05_17_37_00_AEDT_2020.jpg>Screenshot</a>]]>
            </line>
            <line>
              <![CDATA[<br>]]>
            </line>
            <line>
              <![CDATA[testCase01 Ended Successfully]]>
            </line>
          </reporter-output>
        </test-method> <!-- testCase01 -->
        <test-method status="PASS" signature="closeBrowser()[pri:0, instance:com.jupiter.cloud.planittesting.v1.TestCase1@323b36e0]" name="closeBrowser" is-config="true" duration-ms="112" started-at="2020-11-05T06:37:00Z" finished-at="2020-11-05T06:37:00Z">
          <reporter-output>
          </reporter-output>
        </test-method> <!-- closeBrowser -->
      </class> <!-- com.jupiter.cloud.planittesting.v1.TestCase1 -->
    </test> <!-- TestCase1 -->
    <test name="TestCase2" duration-ms="10215" started-at="2020-11-05T06:37:00Z" finished-at="2020-11-05T06:37:11Z">
      <class name="com.jupiter.cloud.planittesting.v1.TestCase2">
        <test-method status="PASS" signature="initialSetup()[pri:0, instance:com.jupiter.cloud.planittesting.v1.TestCase2@5c5eefef]" name="initialSetup" is-config="true" duration-ms="7424" started-at="2020-11-05T06:37:00Z" finished-at="2020-11-05T06:37:08Z">
          <reporter-output>
          </reporter-output>
        </test-method> <!-- initialSetup -->
        <test-method status="FAIL" signature="testCase02()[pri:0, instance:com.jupiter.cloud.planittesting.v1.TestCase2@5c5eefef]" name="testCase02" duration-ms="2337" started-at="2020-11-05T06:37:08Z" finished-at="2020-11-05T06:37:10Z">
          <exception class="java.lang.AssertionError">
            <message>
              <![CDATA[expected [true] but found [false]]]>
            </message>
            <full-stacktrace>
              <![CDATA[java.lang.AssertionError: expected [true] but found [false]
at org.testng.Assert.fail(Assert.java:96)
at org.testng.Assert.failNotEquals(Assert.java:776)
at org.testng.Assert.assertTrue(Assert.java:44)
at org.testng.Assert.assertTrue(Assert.java:54)
at com.jupiter.cloud.planittesting.v1.TestCase2.testCase02(TestCase2.java:53)
at sun.reflect.NativeMethodAccessorImpl.invoke0(Native Method)
at sun.reflect.NativeMethodAccessorImpl.invoke(NativeMethodAccessorImpl.java:62)
at sun.reflect.DelegatingMethodAccessorImpl.invoke(DelegatingMethodAccessorImpl.java:43)
at java.lang.reflect.Method.invoke(Method.java:498)
at org.testng.internal.MethodInvocationHelper.invokeMethod(MethodInvocationHelper.java:124)
at org.testng.internal.Invoker.invokeMethod(Invoker.java:583)
at org.testng.internal.Invoker.invokeTestMethod(Invoker.java:719)
at org.testng.internal.Invoker.invokeTestMethods(Invoker.java:989)
at org.testng.internal.TestMethodWorker.invokeTestMethods(TestMethodWorker.java:125)
at org.testng.internal.TestMethodWorker.run(TestMethodWorker.java:109)
at org.testng.TestRunner.privateRun(TestRunner.java:648)
at org.testng.TestRunner.run(TestRunner.java:505)
at org.testng.SuiteRunner.runTest(SuiteRunner.java:455)
at org.testng.SuiteRunner.runSequentially(SuiteRunner.java:450)
at org.testng.SuiteRunner.privateRun(SuiteRunner.java:415)
at org.testng.SuiteRunner.run(SuiteRunner.java:364)
at org.testng.SuiteRunnerWorker.runSuite(SuiteRunnerWorker.java:52)
at org.testng.SuiteRunnerWorker.run(SuiteRunnerWorker.java:84)
at org.testng.TestNG.runSuitesSequentially(TestNG.java:1208)
at org.testng.TestNG.runSuitesLocally(TestNG.java:1137)
at org.testng.TestNG.runSuites(TestNG.java:1049)
at org.testng.TestNG.run(TestNG.java:1017)
at org.testng.remote.AbstractRemoteTestNG.run(AbstractRemoteTestNG.java:115)
at org.testng.remote.RemoteTestNG.initAndRun(RemoteTestNG.java:251)
at org.testng.remote.RemoteTestNG.main(RemoteTestNG.java:77)
]]>
            </full-stacktrace>
          </exception> <!-- java.lang.AssertionError -->
          <reporter-output>
            <line>
              <![CDATA[<br>]]>
            </line>
            <line>
              <![CDATA[1. From the home page go to contact page - Successful]]>
            </line>
            <line>
              <![CDATA[<br>]]>
            </line>
            <line>
              <![CDATA[2. Populate mandatory fields - Successful]]>
            </line>
            <line>
              <![CDATA[<br>]]>
            </line>
            <line>
              <![CDATA[3. Click submit button - Successful]]>
            </line>
            <line>
              <![CDATA[<br>]]>
            </line>
            <line>
              <![CDATA[4. Validate successful submission message]]>
            </line>
            <line>
              <![CDATA[<br>]]>
            </line>
            <line>
              <![CDATA[Success Message is Displayed]]>
            </line>
            <line>
              <![CDATA[<br>]]>
            </line>
            <line>
              <![CDATA[Click to see Screenshot]]>
            </line>
            <line>
              <![CDATA[<a target="_blank" href=Thu_Nov_05_17_37_10_AEDT_2020.jpg>Screenshot</a>]]>
            </line>
            <line>
              <![CDATA[<br>]]>
            </line>
            <line>
              <![CDATA[Assert False to show a failed test validation]]>
            </line>
            <line>
              <![CDATA[<br>]]>
            </line>
            <line>
              <![CDATA[Click to see Screenshot]]>
            </line>
            <line>
              <![CDATA[<a target="_blank" href=Thu_Nov_05_17_37_10_AEDT_2020.jpg>Screenshot</a>]]>
            </line>
            <line>
              <![CDATA[<br>]]>
            </line>
            <line>
              <![CDATA[<br>]]>
            </line>
            <line>
              <![CDATA[<a target="_blank" href=Thu_Nov_05_17_37_10_AEDT_2020.jpg><img src=Thu_Nov_05_17_37_10_AEDT_2020.jpg height=200 width=200></img></a>]]>
            </line>
          </reporter-output>
        </test-method> <!-- testCase02 -->
        <test-method status="PASS" signature="closeBrowser()[pri:0, instance:com.jupiter.cloud.planittesting.v1.TestCase2@5c5eefef]" name="closeBrowser" is-config="true" duration-ms="81" started-at="2020-11-05T06:37:10Z" finished-at="2020-11-05T06:37:11Z">
          <reporter-output>
          </reporter-output>
        </test-method> <!-- closeBrowser -->
      </class> <!-- com.jupiter.cloud.planittesting.v1.TestCase2 -->
    </test> <!-- TestCase2 -->
    <test name="TestCase3" duration-ms="8913" started-at="2020-11-05T06:37:11Z" finished-at="2020-11-05T06:37:20Z">
      <class name="com.jupiter.cloud.planittesting.v1.TestCase3">
        <test-method status="PASS" signature="initialSetup()[pri:0, instance:com.jupiter.cloud.planittesting.v1.TestCase3@478190fc]" name="initialSetup" is-config="true" duration-ms="7572" started-at="2020-11-05T06:37:11Z" finished-at="2020-11-05T06:37:18Z">
          <reporter-output>
          </reporter-output>
        </test-method> <!-- initialSetup -->
        <test-method status="PASS" signature="testCase03()[pri:0, instance:com.jupiter.cloud.planittesting.v1.TestCase3@478190fc]" name="testCase03" duration-ms="1259" started-at="2020-11-05T06:37:18Z" finished-at="2020-11-05T06:37:19Z">
          <reporter-output>
            <line>
              <![CDATA[1. From the home page go to contact page - Successful]]>
            </line>
            <line>
              <![CDATA[<br>]]>
            </line>
            <line>
              <![CDATA[2. Populated mandatory fields with invalid data]]>
            </line>
            <line>
              <![CDATA[<br>]]>
            </line>
            <line>
              <![CDATA[3. Validate errors]]>
            </line>
            <line>
              <![CDATA[<br>]]>
            </line>
            <line>
              <![CDATA[Error Notification - Header is Displayed]]>
            </line>
            <line>
              <![CDATA[<br>]]>
            </line>
            <line>
              <![CDATA[Email Error - Alert is Displayed]]>
            </line>
            <line>
              <![CDATA[<br>]]>
            </line>
            <line>
              <![CDATA[Click to see Screenshot]]>
            </line>
            <line>
              <![CDATA[<a target="_blank" href=Thu_Nov_05_17_37_19_AEDT_2020.jpg>Screenshot</a>]]>
            </line>
            <line>
              <![CDATA[<br>]]>
            </line>
            <line>
              <![CDATA[testCase03 Ended Successfully]]>
            </line>
          </reporter-output>
        </test-method> <!-- testCase03 -->
        <test-method status="PASS" signature="closeBrowser()[pri:0, instance:com.jupiter.cloud.planittesting.v1.TestCase3@478190fc]" name="closeBrowser" is-config="true" duration-ms="78" started-at="2020-11-05T06:37:19Z" finished-at="2020-11-05T06:37:20Z">
          <reporter-output>
          </reporter-output>
        </test-method> <!-- closeBrowser -->
      </class> <!-- com.jupiter.cloud.planittesting.v1.TestCase3 -->
    </test> <!-- TestCase3 -->
    <test name="TestCase4" duration-ms="9191" started-at="2020-11-05T06:37:20Z" finished-at="2020-11-05T06:37:29Z">
      <class name="com.jupiter.cloud.planittesting.v1.TestCase4">
        <test-method status="PASS" signature="loadObjectRepository()[pri:0, instance:com.jupiter.cloud.planittesting.v1.TestCase4@16d04d3d]" name="loadObjectRepository" is-config="true" duration-ms="16" started-at="2020-11-05T06:36:33Z" finished-at="2020-11-05T06:36:33Z">
          <reporter-output>
          </reporter-output>
        </test-method> <!-- loadObjectRepository -->
        <test-method status="PASS" signature="initialSetup()[pri:0, instance:com.jupiter.cloud.planittesting.v1.TestCase4@16d04d3d]" name="initialSetup" is-config="true" duration-ms="7528" started-at="2020-11-05T06:37:20Z" finished-at="2020-11-05T06:37:27Z">
          <reporter-output>
          </reporter-output>
        </test-method> <!-- initialSetup -->
        <test-method status="PASS" signature="testCase04()[pri:0, instance:com.jupiter.cloud.planittesting.v1.TestCase4@16d04d3d]" name="testCase04" duration-ms="1572" started-at="2020-11-05T06:37:27Z" finished-at="2020-11-05T06:37:29Z">
          <reporter-output>
            <line>
              <![CDATA[<br>]]>
            </line>
            <line>
              <![CDATA[1. From the home page go to shop page - Successful]]>
            </line>
            <line>
              <![CDATA[<br>]]>
            </line>
            <line>
              <![CDATA[2. Click buy button 2 times on Funny Cow - Successful]]>
            </line>
            <line>
              <![CDATA[<br>]]>
            </line>
            <line>
              <![CDATA[3. Click buy button 1 time on Fluffy Bunny - Successful]]>
            </line>
            <line>
              <![CDATA[<br>]]>
            </line>
            <line>
              <![CDATA[4. Click the cart menu - Successful]]>
            </line>
            <line>
              <![CDATA[<br>]]>
            </line>
            <line>
              <![CDATA[5. Verifing the items in the cart]]>
            </line>
            <line>
              <![CDATA[<br>]]>
            </line>
            <line>
              <![CDATA[Funny Cow is displayed]]>
            </line>
            <line>
              <![CDATA[<br>]]>
            </line>
            <line>
              <![CDATA[Fluffy Bunny is displayed]]>
            </line>
            <line>
              <![CDATA[<br>]]>
            </line>
            <line>
              <![CDATA[Click to see Screenshot]]>
            </line>
            <line>
              <![CDATA[<a target="_blank" href=Thu_Nov_05_17_37_29_AEDT_2020.jpg>Screenshot</a>]]>
            </line>
            <line>
              <![CDATA[<br>]]>
            </line>
            <line>
              <![CDATA[testCase04 Ended Successfully]]>
            </line>
          </reporter-output>
        </test-method> <!-- testCase04 -->
        <test-method status="PASS" signature="closeBrowser()[pri:0, instance:com.jupiter.cloud.planittesting.v1.TestCase4@16d04d3d]" name="closeBrowser" is-config="true" duration-ms="87" started-at="2020-11-05T06:37:29Z" finished-at="2020-11-05T06:37:29Z">
          <reporter-output>
          </reporter-output>
        </test-method> <!-- closeBrowser -->
        <test-method status="PASS" signature="tearDown()[pri:0, instance:com.jupiter.cloud.planittesting.v1.TestCase4@16d04d3d]" name="tearDown" is-config="true" duration-ms="587" started-at="2020-11-05T06:37:29Z" finished-at="2020-11-05T06:37:29Z">
          <reporter-output>
          </reporter-output>
        </test-method> <!-- tearDown -->
      </class> <!-- com.jupiter.cloud.planittesting.v1.TestCase4 -->
    </test> <!-- TestCase4 -->
  </suite> <!-- Jupiter Toys -->
</testng-results>
